This file contains any messages produced by compilers while
running configure, to aid debugging if configure makes a mistake.

It was created by libircclient configure 1.3, which was
generated by GNU Autoconf 2.68.  Invocation command line was

  $ /home/mathman/windrunner/wow-mania-core/dep/libircclient/configure --prefix=/home/mathman/windrunner/build/src/wrchat/libircclient-prefix --enable-openssl --enable-shared

## --------- ##
## Platform. ##
## --------- ##

hostname = mathman-virtual-machine
uname -m = x86_64
uname -r = 3.2.0-45-generic
uname -s = Linux
uname -v = #70-Ubuntu SMP Wed May 29 20:12:06 UTC 2013

/usr/bin/uname -p = unknown
/bin/uname -X     = unknown

/bin/arch              = unknown
/usr/bin/arch -k       = unknown
/usr/convex/getsysinfo = unknown
/usr/bin/hostinfo      = unknown
/bin/machine           = unknown
/usr/bin/oslevel       = unknown
/bin/universe          = unknown

PATH: /usr/lib/lightdm/lightdm
PATH: /usr/local/sbin
PATH: /usr/local/bin
PATH: /usr/sbin
PATH: /usr/bin
PATH: /sbin
PATH: /bin
PATH: /usr/games


## ----------- ##
## Core tests. ##
## ----------- ##

configure:2291: checking for g++
configure:2307: found /usr/bin/g++
configure:2318: result: g++
configure:2345: checking for C++ compiler version
configure:2354: g++ --version >&5
g++ (Ubuntu/Linaro 4.6.3-1ubuntu5) 4.6.3
Copyright (C) 2011 Free Software Foundation, Inc.
This is free software; see the source for copying conditions.  There is NO
warranty; not even for MERCHANTABILITY or FITNESS FOR A PARTICULAR PURPOSE.

configure:2365: $? = 0
configure:2354: g++ -v >&5
Using built-in specs.
COLLECT_GCC=g++
COLLECT_LTO_WRAPPER=/usr/lib/gcc/x86_64-linux-gnu/4.6/lto-wrapper
Target: x86_64-linux-gnu
Configured with: ../src/configure -v --with-pkgversion='Ubuntu/Linaro 4.6.3-1ubuntu5' --with-bugurl=file:///usr/share/doc/gcc-4.6/README.Bugs --enable-languages=c,c++,fortran,objc,obj-c++ --prefix=/usr --program-suffix=-4.6 --enable-shared --enable-linker-build-id --with-system-zlib --libexecdir=/usr/lib --without-included-gettext --enable-threads=posix --with-gxx-include-dir=/usr/include/c++/4.6 --libdir=/usr/lib --enable-nls --with-sysroot=/ --enable-clocale=gnu --enable-libstdcxx-debug --enable-libstdcxx-time=yes --enable-gnu-unique-object --enable-plugin --enable-objc-gc --disable-werror --with-arch-32=i686 --with-tune=generic --enable-checking=release --build=x86_64-linux-gnu --host=x86_64-linux-gnu --target=x86_64-linux-gnu
Thread model: posix
gcc version 4.6.3 (Ubuntu/Linaro 4.6.3-1ubuntu5) 
configure:2365: $? = 0
configure:2354: g++ -V >&5
g++: error: unrecognized option '-V'
g++: fatal error: no input files
compilation terminated.
configure:2365: $? = 4
configure:2354: g++ -qversion >&5
g++: error: unrecognized option '-qversion'
g++: fatal error: no input files
compilation terminated.
configure:2365: $? = 4
configure:2385: checking whether the C++ compiler works
configure:2407: g++    conftest.cpp  >&5
configure:2411: $? = 0
configure:2459: result: yes
configure:2462: checking for C++ compiler default output file name
configure:2464: result: a.out
configure:2470: checking for suffix of executables
configure:2477: g++ -o conftest    conftest.cpp  >&5
configure:2481: $? = 0
configure:2503: result: 
configure:2525: checking whether we are cross compiling
configure:2533: g++ -o conftest    conftest.cpp  >&5
configure:2537: $? = 0
configure:2544: ./conftest
configure:2548: $? = 0
configure:2563: result: no
configure:2568: checking for suffix of object files
configure:2590: g++ -c   conftest.cpp >&5
configure:2594: $? = 0
configure:2615: result: o
configure:2619: checking whether we are using the GNU C++ compiler
configure:2638: g++ -c   conftest.cpp >&5
configure:2638: $? = 0
configure:2647: result: yes
configure:2656: checking whether g++ accepts -g
configure:2676: g++ -c -g  conftest.cpp >&5
configure:2676: $? = 0
configure:2717: result: yes
configure:2788: checking for gcc
configure:2804: found /usr/bin/gcc
configure:2815: result: gcc
configure:3044: checking for C compiler version
configure:3053: gcc --version >&5
gcc (Ubuntu/Linaro 4.6.3-1ubuntu5) 4.6.3
Copyright (C) 2011 Free Software Foundation, Inc.
This is free software; see the source for copying conditions.  There is NO
warranty; not even for MERCHANTABILITY or FITNESS FOR A PARTICULAR PURPOSE.

configure:3064: $? = 0
configure:3053: gcc -v >&5
Using built-in specs.
COLLECT_GCC=gcc
COLLECT_LTO_WRAPPER=/usr/lib/gcc/x86_64-linux-gnu/4.6/lto-wrapper
Target: x86_64-linux-gnu
Configured with: ../src/configure -v --with-pkgversion='Ubuntu/Linaro 4.6.3-1ubuntu5' --with-bugurl=file:///usr/share/doc/gcc-4.6/README.Bugs --enable-languages=c,c++,fortran,objc,obj-c++ --prefix=/usr --program-suffix=-4.6 --enable-shared --enable-linker-build-id --with-system-zlib --libexecdir=/usr/lib --without-included-gettext --enable-threads=posix --with-gxx-include-dir=/usr/include/c++/4.6 --libdir=/usr/lib --enable-nls --with-sysroot=/ --enable-clocale=gnu --enable-libstdcxx-debug --enable-libstdcxx-time=yes --enable-gnu-unique-object --enable-plugin --enable-objc-gc --disable-werror --with-arch-32=i686 --with-tune=generic --enable-checking=release --build=x86_64-linux-gnu --host=x86_64-linux-gnu --target=x86_64-linux-gnu
Thread model: posix
gcc version 4.6.3 (Ubuntu/Linaro 4.6.3-1ubuntu5) 
configure:3064: $? = 0
configure:3053: gcc -V >&5
gcc: error: unrecognized option '-V'
gcc: fatal error: no input files
compilation terminated.
configure:3064: $? = 4
configure:3053: gcc -qversion >&5
gcc: error: unrecognized option '-qversion'
gcc: fatal error: no input files
compilation terminated.
configure:3064: $? = 4
configure:3068: checking whether we are using the GNU C compiler
configure:3087: gcc -c   conftest.c >&5
configure:3087: $? = 0
configure:3096: result: yes
configure:3105: checking whether gcc accepts -g
configure:3125: gcc -c -g  conftest.c >&5
configure:3125: $? = 0
configure:3166: result: yes
configure:3183: checking for gcc option to accept ISO C89
configure:3247: gcc  -c -g -O2  conftest.c >&5
configure:3247: $? = 0
configure:3260: result: none needed
configure:3323: checking for ar
configure:3339: found /usr/bin/ar
configure:3350: result: ar
configure:3415: checking for ranlib
configure:3431: found /usr/bin/ranlib
configure:3442: result: ranlib
configure:3472: checking how to run the C preprocessor
configure:3503: gcc -E  conftest.c
configure:3503: $? = 0
configure:3517: gcc -E  conftest.c
conftest.c:9:28: fatal error: ac_nonexistent.h: No such file or directory
compilation terminated.
configure:3517: $? = 1
configure: failed program was:
| /* confdefs.h */
| #define PACKAGE_NAME "libircclient"
| #define PACKAGE_TARNAME "libircclient"
| #define PACKAGE_VERSION "1.3"
| #define PACKAGE_STRING "libircclient 1.3"
| #define PACKAGE_BUGREPORT "gyunaev@ulduzsoft.com"
| #define PACKAGE_URL ""
| /* end confdefs.h.  */
| #include <ac_nonexistent.h>
configure:3542: result: gcc -E
configure:3562: gcc -E  conftest.c
configure:3562: $? = 0
configure:3576: gcc -E  conftest.c
conftest.c:9:28: fatal error: ac_nonexistent.h: No such file or directory
compilation terminated.
configure:3576: $? = 1
configure: failed program was:
| /* confdefs.h */
| #define PACKAGE_NAME "libircclient"
| #define PACKAGE_TARNAME "libircclient"
| #define PACKAGE_VERSION "1.3"
| #define PACKAGE_STRING "libircclient 1.3"
| #define PACKAGE_BUGREPORT "gyunaev@ulduzsoft.com"
| #define PACKAGE_URL ""
| /* end confdefs.h.  */
| #include <ac_nonexistent.h>
configure:3605: checking for grep that handles long lines and -e
configure:3663: result: /bin/grep
configure:3668: checking for egrep
configure:3730: result: /bin/grep -E
configure:3735: checking for ANSI C header files
configure:3755: gcc -c -g -O2  conftest.c >&5
configure:3755: $? = 0
configure:3828: gcc -o conftest -g -O2   conftest.c  >&5
configure:3828: $? = 0
configure:3828: ./conftest
configure:3828: $? = 0
configure:3839: result: yes
configure:3854: checking for sys/types.h
configure:3854: gcc -c -g -O2  conftest.c >&5
configure:3854: $? = 0
configure:3854: result: yes
configure:3854: checking for sys/stat.h
configure:3854: gcc -c -g -O2  conftest.c >&5
configure:3854: $? = 0
configure:3854: result: yes
configure:3854: checking for stdlib.h
configure:3854: gcc -c -g -O2  conftest.c >&5
configure:3854: $? = 0
configure:3854: result: yes
configure:3854: checking for string.h
configure:3854: gcc -c -g -O2  conftest.c >&5
configure:3854: $? = 0
configure:3854: result: yes
configure:3854: checking for memory.h
configure:3854: gcc -c -g -O2  conftest.c >&5
configure:3854: $? = 0
configure:3854: result: yes
configure:3854: checking for strings.h
configure:3854: gcc -c -g -O2  conftest.c >&5
configure:3854: $? = 0
configure:3854: result: yes
configure:3854: checking for inttypes.h
configure:3854: gcc -c -g -O2  conftest.c >&5
configure:3854: $? = 0
configure:3854: result: yes
configure:3854: checking for stdint.h
configure:3854: gcc -c -g -O2  conftest.c >&5
configure:3854: $? = 0
configure:3854: result: yes
configure:3854: checking for unistd.h
configure:3854: gcc -c -g -O2  conftest.c >&5
configure:3854: $? = 0
configure:3854: result: yes
configure:3866: checking for stdbool.h that conforms to C99
configure:3933: gcc -c -g -O2  conftest.c >&5
configure:3933: $? = 0
configure:3940: result: yes
configure:3942: checking for _Bool
configure:3942: gcc -c -g -O2  conftest.c >&5
configure:3942: $? = 0
configure:3942: gcc -c -g -O2  conftest.c >&5
conftest.c: In function 'main':
conftest.c:55:20: error: expected expression before ')' token
configure:3942: $? = 1
configure: failed program was:
| /* confdefs.h */
| #define PACKAGE_NAME "libircclient"
| #define PACKAGE_TARNAME "libircclient"
| #define PACKAGE_VERSION "1.3"
| #define PACKAGE_STRING "libircclient 1.3"
| #define PACKAGE_BUGREPORT "gyunaev@ulduzsoft.com"
| #define PACKAGE_URL ""
| #define STDC_HEADERS 1
| #define HAVE_SYS_TYPES_H 1
| #define HAVE_SYS_STAT_H 1
| #define HAVE_STDLIB_H 1
| #define HAVE_STRING_H 1
| #define HAVE_MEMORY_H 1
| #define HAVE_STRINGS_H 1
| #define HAVE_INTTYPES_H 1
| #define HAVE_STDINT_H 1
| #define HAVE_UNISTD_H 1
| /* end confdefs.h.  */
| #include <stdio.h>
| #ifdef HAVE_SYS_TYPES_H
| # include <sys/types.h>
| #endif
| #ifdef HAVE_SYS_STAT_H
| # include <sys/stat.h>
| #endif
| #ifdef STDC_HEADERS
| # include <stdlib.h>
| # include <stddef.h>
| #else
| # ifdef HAVE_STDLIB_H
| #  include <stdlib.h>
| # endif
| #endif
| #ifdef HAVE_STRING_H
| # if !defined STDC_HEADERS && defined HAVE_MEMORY_H
| #  include <memory.h>
| # endif
| # include <string.h>
| #endif
| #ifdef HAVE_STRINGS_H
| # include <strings.h>
| #endif
| #ifdef HAVE_INTTYPES_H
| # include <inttypes.h>
| #endif
| #ifdef HAVE_STDINT_H
| # include <stdint.h>
| #endif
| #ifdef HAVE_UNISTD_H
| # include <unistd.h>
| #endif
| int
| main ()
| {
| if (sizeof ((_Bool)))
| 	    return 0;
|   ;
|   return 0;
| }
configure:3942: result: yes
configure:3958: checking for an ANSI C-conforming const
configure:4023: gcc -c -g -O2  conftest.c >&5
configure:4023: $? = 0
configure:4030: result: yes
configure:4038: checking for size_t
configure:4038: gcc -c -g -O2  conftest.c >&5
configure:4038: $? = 0
configure:4038: gcc -c -g -O2  conftest.c >&5
conftest.c: In function 'main':
conftest.c:57:21: error: expected expression before ')' token
configure:4038: $? = 1
configure: failed program was:
| /* confdefs.h */
| #define PACKAGE_NAME "libircclient"
| #define PACKAGE_TARNAME "libircclient"
| #define PACKAGE_VERSION "1.3"
| #define PACKAGE_STRING "libircclient 1.3"
| #define PACKAGE_BUGREPORT "gyunaev@ulduzsoft.com"
| #define PACKAGE_URL ""
| #define STDC_HEADERS 1
| #define HAVE_SYS_TYPES_H 1
| #define HAVE_SYS_STAT_H 1
| #define HAVE_STDLIB_H 1
| #define HAVE_STRING_H 1
| #define HAVE_MEMORY_H 1
| #define HAVE_STRINGS_H 1
| #define HAVE_INTTYPES_H 1
| #define HAVE_STDINT_H 1
| #define HAVE_UNISTD_H 1
| #define HAVE__BOOL 1
| #define HAVE_STDBOOL_H 1
| /* end confdefs.h.  */
| #include <stdio.h>
| #ifdef HAVE_SYS_TYPES_H
| # include <sys/types.h>
| #endif
| #ifdef HAVE_SYS_STAT_H
| # include <sys/stat.h>
| #endif
| #ifdef STDC_HEADERS
| # include <stdlib.h>
| # include <stddef.h>
| #else
| # ifdef HAVE_STDLIB_H
| #  include <stdlib.h>
| # endif
| #endif
| #ifdef HAVE_STRING_H
| # if !defined STDC_HEADERS && defined HAVE_MEMORY_H
| #  include <memory.h>
| # endif
| # include <string.h>
| #endif
| #ifdef HAVE_STRINGS_H
| # include <strings.h>
| #endif
| #ifdef HAVE_INTTYPES_H
| # include <inttypes.h>
| #endif
| #ifdef HAVE_STDINT_H
| # include <stdint.h>
| #endif
| #ifdef HAVE_UNISTD_H
| # include <unistd.h>
| #endif
| int
| main ()
| {
| if (sizeof ((size_t)))
| 	    return 0;
|   ;
|   return 0;
| }
configure:4038: result: yes
configure:4049: checking whether time.h and sys/time.h may both be included
configure:4069: gcc -c -g -O2  conftest.c >&5
configure:4069: $? = 0
configure:4076: result: yes
configure:4088: checking for stdlib.h
configure:4088: result: yes
configure:4098: checking for GNU libc compatible malloc
configure:4122: gcc -o conftest -g -O2   conftest.c  >&5
configure:4122: $? = 0
configure:4122: ./conftest
configure:4122: $? = 0
configure:4132: result: yes
configure:4156: checking sys/select.h usability
configure:4156: gcc -c -g -O2  conftest.c >&5
configure:4156: $? = 0
configure:4156: result: yes
configure:4156: checking sys/select.h presence
configure:4156: gcc -E  conftest.c
configure:4156: $? = 0
configure:4156: result: yes
configure:4156: checking for sys/select.h
configure:4156: result: yes
configure:4156: checking sys/socket.h usability
configure:4156: gcc -c -g -O2  conftest.c >&5
configure:4156: $? = 0
configure:4156: result: yes
configure:4156: checking sys/socket.h presence
configure:4156: gcc -E  conftest.c
configure:4156: $? = 0
configure:4156: result: yes
configure:4156: checking for sys/socket.h
configure:4156: result: yes
configure:4166: checking types of arguments for select
configure:4194: gcc -c -g -O2  conftest.c >&5
configure:4194: $? = 0
configure:4205: result: int,fd_set *,struct timeval *
configure:4228: checking whether lstat correctly handles trailing slash
configure:4254: gcc -o conftest -g -O2   conftest.c  >&5
configure:4254: $? = 0
configure:4254: ./conftest
configure:4254: $? = 0
configure:4271: result: yes
configure:4290: checking whether stat accepts an empty string
configure:4310: gcc -o conftest -g -O2   conftest.c  >&5
configure:4310: $? = 0
configure:4310: ./conftest
configure:4310: $? = 0
configure:4320: result: no
configure:4339: checking for localtime_r
configure:4339: gcc -o conftest -g -O2   conftest.c  >&5
configure:4339: $? = 0
configure:4339: result: yes
configure:4339: checking for socket
configure:4339: gcc -o conftest -g -O2   conftest.c  >&5
configure:4339: $? = 0
configure:4339: result: yes
configure:4349: checking for socket in -lsocket
configure:4374: gcc -o conftest -g -O2   conftest.c -lsocket   >&5
/usr/bin/ld: cannot find -lsocket
collect2: ld returned 1 exit status
configure:4374: $? = 1
configure: failed program was:
| /* confdefs.h */
| #define PACKAGE_NAME "libircclient"
| #define PACKAGE_TARNAME "libircclient"
| #define PACKAGE_VERSION "1.3"
| #define PACKAGE_STRING "libircclient 1.3"
| #define PACKAGE_BUGREPORT "gyunaev@ulduzsoft.com"
| #define PACKAGE_URL ""
| #define STDC_HEADERS 1
| #define HAVE_SYS_TYPES_H 1
| #define HAVE_SYS_STAT_H 1
| #define HAVE_STDLIB_H 1
| #define HAVE_STRING_H 1
| #define HAVE_MEMORY_H 1
| #define HAVE_STRINGS_H 1
| #define HAVE_INTTYPES_H 1
| #define HAVE_STDINT_H 1
| #define HAVE_UNISTD_H 1
| #define HAVE__BOOL 1
| #define HAVE_STDBOOL_H 1
| #define TIME_WITH_SYS_TIME 1
| #define HAVE_STDLIB_H 1
| #define HAVE_MALLOC 1
| #define HAVE_SYS_SELECT_H 1
| #define HAVE_SYS_SOCKET_H 1
| #define SELECT_TYPE_ARG1 int
| #define SELECT_TYPE_ARG234 (fd_set *)
| #define SELECT_TYPE_ARG5 (struct timeval *)
| #define LSTAT_FOLLOWS_SLASHED_SYMLINK 1
| #define HAVE_LOCALTIME_R 1
| #define HAVE_SOCKET 1
| /* end confdefs.h.  */
| 
| /* Override any GCC internal prototype to avoid an error.
|    Use char because int might match the return type of a GCC
|    builtin and then its argument prototype would still apply.  */
| #ifdef __cplusplus
| extern "C"
| #endif
| char socket ();
| int
| main ()
| {
| return socket ();
|   ;
|   return 0;
| }
configure:4383: result: no
configure:4463: checking for gethostbyname_r
configure:4463: gcc -o conftest -g -O2 -O3 -fpic   conftest.c  >&5
configure:4463: $? = 0
configure:4463: result: yes
configure:4463: checking for inet_ntoa
configure:4463: gcc -o conftest -g -O2 -O3 -fpic   conftest.c  >&5
configure:4463: $? = 0
configure:4463: result: yes
configure:4472: checking for inet_ntoa in -lnsl
configure:4497: gcc -o conftest -g -O2 -O3 -fpic   conftest.c -lnsl   >&5
configure:4497: $? = 0
configure:4506: result: yes
configure:4521: checking For MinGW32
configure:4531: result: no
configure:4536: checking for CRYPTO_new_ex_data in -lcrypto
configure:4561: gcc -o conftest -g -O2 -O3 -fpic -DENABLE_THREADS -D_REENTRANT   conftest.c -lcrypto   -lnsl >&5
configure:4561: $? = 0
configure:4570: result: yes
configure:4583: checking for SSL_library_init in -lssl
configure:4608: gcc -o conftest -g -O2 -O3 -fpic -DENABLE_THREADS -D_REENTRANT   conftest.c -lssl  -lcrypto  -lnsl >&5
configure:4608: $? = 0
configure:4617: result: yes
configure:4630: checking openssl/ssl.h usability
configure:4630: gcc -c -g -O2 -O3 -fpic -DENABLE_THREADS -D_REENTRANT  conftest.c >&5
configure:4630: $? = 0
configure:4630: result: yes
configure:4630: checking openssl/ssl.h presence
configure:4630: gcc -E  conftest.c
configure:4630: $? = 0
configure:4630: result: yes
configure:4630: checking for openssl/ssl.h
configure:4630: result: yes
configure:4761: creating ./config.status

## ---------------------- ##
## Running config.status. ##
## ---------------------- ##

This file was extended by libircclient config.status 1.3, which was
generated by GNU Autoconf 2.68.  Invocation command line was

  CONFIG_FILES    = 
  CONFIG_HEADERS  = 
  CONFIG_LINKS    = 
  CONFIG_COMMANDS = 
  $ ./config.status 

on mathman-virtual-machine

config.status:834: creating src/Makefile
config.status:834: creating src/config.h
config.status:1004: src/config.h is unchanged

## ---------------- ##
## Cache variables. ##
## ---------------- ##

ac_cv_c_compiler_gnu=yes
ac_cv_c_const=yes
ac_cv_cxx_compiler_gnu=yes
ac_cv_env_CCC_set=
ac_cv_env_CCC_value=
ac_cv_env_CC_set=
ac_cv_env_CC_value=
ac_cv_env_CFLAGS_set=
ac_cv_env_CFLAGS_value=
ac_cv_env_CPPFLAGS_set=
ac_cv_env_CPPFLAGS_value=
ac_cv_env_CPP_set=
ac_cv_env_CPP_value=
ac_cv_env_CXXFLAGS_set=
ac_cv_env_CXXFLAGS_value=
ac_cv_env_CXX_set=
ac_cv_env_CXX_value=
ac_cv_env_LDFLAGS_set=
ac_cv_env_LDFLAGS_value=
ac_cv_env_LIBS_set=
ac_cv_env_LIBS_value=
ac_cv_env_build_alias_set=
ac_cv_env_build_alias_value=
ac_cv_env_host_alias_set=
ac_cv_env_host_alias_value=
ac_cv_env_target_alias_set=
ac_cv_env_target_alias_value=
ac_cv_func_gethostbyname_r=yes
ac_cv_func_inet_ntoa=yes
ac_cv_func_localtime_r=yes
ac_cv_func_lstat_dereferences_slashed_symlink=yes
ac_cv_func_malloc_0_nonnull=yes
ac_cv_func_select_args='int,fd_set *,struct timeval *'
ac_cv_func_socket=yes
ac_cv_func_stat_empty_string_bug=no
ac_cv_header_inttypes_h=yes
ac_cv_header_memory_h=yes
ac_cv_header_openssl_ssl_h=yes
ac_cv_header_stdbool_h=yes
ac_cv_header_stdc=yes
ac_cv_header_stdint_h=yes
ac_cv_header_stdlib_h=yes
ac_cv_header_string_h=yes
ac_cv_header_strings_h=yes
ac_cv_header_sys_select_h=yes
ac_cv_header_sys_socket_h=yes
ac_cv_header_sys_stat_h=yes
ac_cv_header_sys_types_h=yes
ac_cv_header_time=yes
ac_cv_header_unistd_h=yes
ac_cv_lib_crypto_CRYPTO_new_ex_data=yes
ac_cv_lib_nsl_inet_ntoa=yes
ac_cv_lib_socket_socket=no
ac_cv_lib_ssl_SSL_library_init=yes
ac_cv_objext=o
ac_cv_path_EGREP='/bin/grep -E'
ac_cv_path_GREP=/bin/grep
ac_cv_prog_CPP='gcc -E'
ac_cv_prog_ac_ct_AR=ar
ac_cv_prog_ac_ct_CC=gcc
ac_cv_prog_ac_ct_CXX=g++
ac_cv_prog_ac_ct_RANLIB=ranlib
ac_cv_prog_cc_c89=
ac_cv_prog_cc_g=yes
ac_cv_prog_cxx_g=yes
ac_cv_type__Bool=yes
ac_cv_type_size_t=yes

## ----------------- ##
## Output variables. ##
## ----------------- ##

AR='ar'
CC='gcc'
CFLAGS='-g -O2 -O3 -fpic -DENABLE_THREADS -D_REENTRANT -DENABLE_SSL'
CPP='gcc -E'
CPPFLAGS=''
CXX='g++'
CXXFLAGS='-g -O2'
DEFS='-DHAVE_CONFIG_H'
ECHO_C=''
ECHO_N='-n'
ECHO_T=''
EGREP='/bin/grep -E'
EXEEXT=''
GREP='/bin/grep'
LDFLAGS=''
LIBOBJS=''
LIBS='-lssl -lcrypto  -lnsl'
LTLIBOBJS=''
OBJEXT='o'
PACKAGE_BUGREPORT='gyunaev@ulduzsoft.com'
PACKAGE_NAME='libircclient'
PACKAGE_STRING='libircclient 1.3'
PACKAGE_TARNAME='libircclient'
PACKAGE_URL=''
PACKAGE_VERSION='1.3'
PATH_SEPARATOR=':'
PREFIX=''
RANLIB='ranlib'
SHELL='/bin/bash'
TARGET='shared'
ac_ct_CC='gcc'
ac_ct_CXX='g++'
bindir='${exec_prefix}/bin'
build_alias=''
datadir='${datarootdir}'
datarootdir='${prefix}/share'
docdir='${datarootdir}/doc/${PACKAGE_TARNAME}'
dvidir='${docdir}'
exec_prefix='${prefix}'
host_alias=''
htmldir='${docdir}'
includedir='${prefix}/include'
infodir='${datarootdir}/info'
libdir='${exec_prefix}/lib'
libexecdir='${exec_prefix}/libexec'
localedir='${datarootdir}/locale'
localstatedir='${prefix}/var'
mandir='${datarootdir}/man'
oldincludedir='/usr/include'
pdfdir='${docdir}'
prefix='/home/mathman/windrunner/build/src/wrchat/libircclient-prefix'
program_transform_name='s,x,x,'
psdir='${docdir}'
sbindir='${exec_prefix}/sbin'
sharedstatedir='${prefix}/com'
sysconfdir='${prefix}/etc'
target_alias=''

## ----------- ##
## confdefs.h. ##
## ----------- ##

/* confdefs.h */
#define PACKAGE_NAME "libircclient"
#define PACKAGE_TARNAME "libircclient"
#define PACKAGE_VERSION "1.3"
#define PACKAGE_STRING "libircclient 1.3"
#define PACKAGE_BUGREPORT "gyunaev@ulduzsoft.com"
#define PACKAGE_URL ""
#define STDC_HEADERS 1
#define HAVE_SYS_TYPES_H 1
#define HAVE_SYS_STAT_H 1
#define HAVE_STDLIB_H 1
#define HAVE_STRING_H 1
#define HAVE_MEMORY_H 1
#define HAVE_STRINGS_H 1
#define HAVE_INTTYPES_H 1
#define HAVE_STDINT_H 1
#define HAVE_UNISTD_H 1
#define HAVE__BOOL 1
#define HAVE_STDBOOL_H 1
#define TIME_WITH_SYS_TIME 1
#define HAVE_STDLIB_H 1
#define HAVE_MALLOC 1
#define HAVE_SYS_SELECT_H 1
#define HAVE_SYS_SOCKET_H 1
#define SELECT_TYPE_ARG1 int
#define SELECT_TYPE_ARG234 (fd_set *)
#define SELECT_TYPE_ARG5 (struct timeval *)
#define LSTAT_FOLLOWS_SLASHED_SYMLINK 1
#define HAVE_LOCALTIME_R 1
#define HAVE_SOCKET 1
#define HAVE_GETHOSTBYNAME_R 1
#define HAVE_INET_NTOA 1
#define HAVE_INET_NTOA 1
#define HAVE_LIBCRYPTO 1
#define HAVE_LIBSSL 1

configure: exit 0
